<?xml version="1.0" encoding="UTF-8"?>
<testsuite xmlns:xsi="http://www.w3.org/2001/XMLSchema-instance" xsi:noNamespaceSchemaLocation="https://maven.apache.org/surefire/maven-surefire-plugin/xsd/surefire-test-report.xsd" version="3.0.2" name="org.ycc.LogTest" time="0.002" tests="1" errors="0" skipped="0" failures="0" flakes="0">
  <properties>
[...]
</properties>
  <testcase name="testLog" classname="org.ycc.LogTest" time="0.001">
    <system-out><![CDATA[2026-04-19 19:31:55.136 [main] INFO  org.ycc.LogTest-计算结果为:101
]]></system-out>
  </testcase>
</testsuite>